<?xml version="1.0" encoding="UTF-8"?>
<!-- Generated by org.testng.reporters.JUnitReportReporter -->
<testsuite skipped="0" hostname="DESKTOP-HNAEA5M" name="script.dickblick" tests="1" failures="0" timestamp="15 Sep 2017 06:07:20 GMT" time="34.445" errors="0">
  <testcase name="mm" time="34.445" classname="script.dickblick"/>
</testsuite> <!-- script.dickblick -->
