<?xml version="1.0" encoding="UTF-8"?>
<!-- Generated by org.testng.reporters.JUnitReportReporter -->
<testsuite skipped="0" hostname="DESKTOP-HNAEA5M" name="script.Keywordriven" tests="1" failures="0" timestamp="11 Sep 2017 12:53:04 GMT" time="59.069" errors="0">
  <testcase name="getExcel" time="59.069" classname="script.Keywordriven"/>
</testsuite> <!-- script.Keywordriven -->
