<?xml version="1.0" encoding="UTF-8"?>
<!-- Generated by org.testng.reporters.JUnitReportReporter -->
<testsuite skipped="0" hostname="DESKTOP-HNAEA5M" name="script.AutoSuggestTest" tests="1" failures="0" timestamp="11 Sep 2017 05:28:49 GMT" time="26.286" errors="0">
  <testcase name="autoSuggest" time="26.286" classname="script.AutoSuggestTest"/>
</testsuite> <!-- script.AutoSuggestTest -->
