<?xml version="1.0" encoding="UTF-8"?>
<!-- Generated by org.testng.reporters.JUnitReportReporter -->
<testsuite skipped="0" hostname="DESKTOP-HNAEA5M" name="script.dickblick" tests="1" failures="0" timestamp="07 Sep 2017 08:08:45 GMT" time="27.450" errors="0">
  <testcase name="mm" time="27.450" classname="script.dickblick"/>
</testsuite> <!-- script.dickblick -->
