<?xml version="1.0" encoding="UTF-8"?>
<!-- Generated by org.testng.reporters.JUnitReportReporter -->
<testsuite skipped="0" hostname="DESKTOP-HNAEA5M" name="script.Keywordriven" tests="1" failures="0" timestamp="10 Sep 2017 13:25:58 GMT" time="26.914" errors="0">
  <testcase name="getExcel" time="26.914" classname="script.Keywordriven"/>
</testsuite> <!-- script.Keywordriven -->
